<?xml version="1.0" encoding="UTF-8"?>
<!-- Generated by org.testng.reporters.JUnitXMLReporter -->
<testsuite ignored="0" hostname="DESKTOP-6LB77J4" failures="0" tests="5" name="Test" time="5.656" errors="0" timestamp="2022-07-26T14:11:07 PDT">
  <testcase classname="apitestcases.PostDDT" name="testpostddt" time="2.388"/>
  <testcase classname="apitestcases.PostDDT" name="testpostddt" time="0.512"/>
  <testcase classname="apitestcases.PostDDT" name="testpostddt" time="0.528"/>
  <testcase classname="apitestcases.PostDDT" name="testpostddt" time="0.49"/>
  <testcase classname="apitestcases.PostDDT" name="testpostddt" time="0.451"/>
</testsuite> <!-- Test -->
